2025-02-28 22:00:00 - INFO - Project initialized. Initial planning and dataset exploration started.
2025-02-29 11:30:00 - INFO - Downloaded Seattle Parking Study dataset for analysis.
2025-03-01 14:15:00 - INFO - Reviewed dataset structure, identified missing values and inconsistencies.
2025-03-02 17:45:00 - INFO - Initial cleaning attempts made, removed unnecessary columns.
2025-03-03 21:00:00 - INFO - Decided to integrate weather data for deeper analysis.
2025-03-04 09:00:00 - INFO - Researched and shortlisted APIs for real-time Seattle weather data.
2025-03-04 22:30:00 - INFO - Created initial project folder structure and scripts setup.
2025-03-05 18:00:00 - INFO - Implemented first version of parking data cleaning script.
2025-03-05 19:30:00 - INFO - Identified missing timestamps and fixed formatting issues.
2025-03-05 21:00:00 - INFO - Started major work session on parking and weather data integration.
2025-03-05 22:30:00 - INFO - Successfully extracted Seattle parking data timestamps for weather API requests.
2025-03-05 23:00:00 - INFO - Wrote script to fetch weather data based on parking timestamps.
2025-03-06 00:00:00 - INFO - Retrieved and stored weather data in JSON format.
2025-03-06 00:30:00 - INFO - Processed and structured weather data for merging with parking dataset.
2025-03-06 01:00:00 - INFO - Cleaned and formatted missing values in parking dataset.
2025-03-06 01:30:00 - INFO - Standardized datetime formats for both datasets.
2025-03-06 02:00:00 - INFO - Successfully merged parking and weather datasets.
2025-03-06 02:30:00 - INFO - Started exploratory data analysis (EDA) on parking dataset.
2025-03-06 03:00:00 - INFO - Generated visualizations: parking occupancy trends and time-series analysis.
2025-03-06 03:15:00 - WARNING - Realized that all graphs were blank because I forgot to check data types. Nice one.
2025-03-06 03:30:00 - INFO - Identified trends: peak parking hours, weekday vs. weekend analysis.
2025-03-06 04:00:00 - INFO - Conducted weather impact analysis on parking trends.
2025-03-06 04:10:00 - ERROR - Tried resampling categorical data. Pandas was not amused.
2025-03-06 04:30:00 - INFO - Created visualizations for temperature, wind speed, and precipitation impact.
2025-03-06 05:00:00 - INFO - Cleaned and structured all scripts into separate modules.
2025-03-06 05:15:00 - INFO - Moved all final visualizations into respective folders.
2025-03-06 05:30:00 - INFO - Completed data processing and analysis tasks.
2025-03-06 06:00:00 - INFO - Created GitHub repository and pushed initial project structure.
2025-03-06 06:05:00 - ERROR - Git refused my push because the dataset was 174MB. Thought GitHub was nice, but turns out it has boundaries.
2025-03-06 06:10:00 - WARNING - Spent 20 minutes trying to force push before realizing LFS is a thing.
2025-03-06 06:30:00 - INFO - Encountered Git LFS issue with large CSV files.
2025-03-06 07:00:00 - INFO - Fixed large file issues, removed dataset from tracking, and restructured repo.
2025-03-06 07:10:00 - WARNING - Accidentally removed the wrong files. Thankfully, Ctrl+Z exists.
2025-03-06 07:30:00 - INFO - Successfully pushed project to GitHub.
2025-03-06 08:00:00 - INFO - Finalized project documentation and requirements.txt file.
2025-03-06 08:30:00 - WARNING - Spent 15 minutes debugging a missing file. Turns out, I forgot to save it.
2025-03-06 09:00:00 - INFO - Completed project organization and final review.
2025-03-06 09:30:00 - INFO - Took a well-deserved break. Brain cells have suffered enough.
